<?xml version="1.0" encoding="UTF-8"?>
<testng-results ignored="0" total="2" passed="1" failed="1" skipped="0">
  <reporter-output>
  </reporter-output>
  <suite started-at="2021-10-10T18:36:00 TRT" name="Default suite" finished-at="2021-10-10T18:36:25 TRT" duration-ms="24919">
    <groups>
      <group name="cucumber">
        <method signature="AbstractTestNGCucumberTests.runScenario(io.cucumber.testng.PickleWrapper, io.cucumber.testng.FeatureWrapper)[pri:0, instance:StepDefinitions.Runner@20f5239f]" name="runScenario" class="io.cucumber.testng.AbstractTestNGCucumberTests"/>
      </group> <!-- cucumber -->
    </groups>
    <test started-at="2021-10-10T18:36:00 TRT" name="Default test" finished-at="2021-10-10T18:36:25 TRT" duration-ms="24919">
      <class name="StepDefinitions.Runner">
        <test-method is-config="true" signature="setUpClass(org.testng.ITestContext)[pri:0, instance:StepDefinitions.Runner@20f5239f]" started-at="2021-10-10T18:36:00 TRT" name="setUpClass" finished-at="2021-10-10T18:36:00 TRT" duration-ms="151" status="PASS">
          <params>
            <param index="0">
              <value>
                <![CDATA[org.testng.TestRunner@5d8bafa9]]>
              </value>
            </param>
          </params>
          <reporter-output>
          </reporter-output>
        </test-method> <!-- setUpClass -->
        <test-method signature="runScenario(io.cucumber.testng.PickleWrapper, io.cucumber.testng.FeatureWrapper)[pri:0, instance:StepDefinitions.Runner@20f5239f]" started-at="2021-10-10T18:36:00 TRT" name="runScenario" description="Runs Cucumber Scenarios" data-provider="scenarios" finished-at="2021-10-10T18:36:25 TRT" duration-ms="24745" status="FAIL">
          <params>
            <param index="0">
              <value>
                <![CDATA["user logs in, makes a product search, adds to cart from two different vendors."]]>
              </value>
            </param>
            <param index="1">
              <value>
                <![CDATA["Optional[logging in, product searching, and adding products to cart features]"]]>
              </value>
            </param>
          </params>
          <exception class="java.lang.AssertionError">
            <full-stacktrace>
              <![CDATA[java.lang.AssertionError
at org.junit.Assert.fail(Assert.java:87)
at org.junit.Assert.assertTrue(Assert.java:42)
at org.junit.Assert.assertTrue(Assert.java:53)
at StepDefinitions.Scenario1Steps.the_cart_counter_is(Scenario1Steps.java:159)
at âœ½.the cart counter is 1(classpath:StepDefinitions/Scenario1.feature:25)
]]>
            </full-stacktrace>
          </exception> <!-- java.lang.AssertionError -->
          <reporter-output>
          </reporter-output>
        </test-method> <!-- runScenario -->
        <test-method signature="runScenario(io.cucumber.testng.PickleWrapper, io.cucumber.testng.FeatureWrapper)[pri:0, instance:StepDefinitions.Runner@20f5239f]" started-at="2021-10-10T18:36:00 TRT" name="runScenario" description="Runs Cucumber Scenarios" data-provider="scenarios" finished-at="2021-10-10T18:36:20 TRT" duration-ms="20251" status="PASS">
          <params>
            <param index="0">
              <value>
                <![CDATA["user opens hepsiburada.com homepage, navigates under a category and adds a product to cart"]]>
              </value>
            </param>
            <param index="1">
              <value>
                <![CDATA["Optional[navigating categories and adding to cart features]"]]>
              </value>
            </param>
          </params>
          <reporter-output>
          </reporter-output>
        </test-method> <!-- runScenario -->
        <test-method is-config="true" signature="tearDownClass()[pri:0, instance:StepDefinitions.Runner@20f5239f]" started-at="2021-10-10T18:36:25 TRT" name="tearDownClass" finished-at="2021-10-10T18:36:25 TRT" duration-ms="5" status="PASS">
          <reporter-output>
          </reporter-output>
        </test-method> <!-- tearDownClass -->
      </class> <!-- StepDefinitions.Runner -->
    </test> <!-- Default test -->
  </suite> <!-- Default suite -->
</testng-results>
